<?xml version="1.0" encoding="UTF-8"?>
<testsuite xmlns:xsi="http://www.w3.org/2001/XMLSchema-instance" xsi:noNamespaceSchemaLocation="https://maven.apache.org/surefire/maven-surefire-plugin/xsd/surefire-test-report-3.0.xsd" version="3.0" name="BersaniChiappiniFraschini.CKBApplicationServer.battle.GetBattleTest" time="4.694" tests="3" errors="0" skipped="0" failures="0">
  <properties>
[...]
</properties>
  <testcase name="shouldFindBattleAsStudent" classname="BersaniChiappiniFraschini.CKBApplicationServer.battle.GetBattleTest" time="0.207">
    <system-out><![CDATA[15:15:47.111 [main] INFO org.springframework.test.context.support.AnnotationConfigContextLoaderUtils -- Could not detect default configuration classes for test class [BersaniChiappiniFraschini.CKBApplicationServer.battle.GetBattleTest]: GetBattleTest does not declare any static, non-private, non-final, nested classes annotated with @Configuration.
15:15:47.280 [main] INFO org.springframework.boot.test.context.SpringBootTestContextBootstrapper -- Found @SpringBootConfiguration BersaniChiappiniFraschini.CKBApplicationServer.CkbApplicationServerMain for test class BersaniChiappiniFraschini.CKBApplicationServer.battle.GetBattleTest

  .   ____          _            __ _ _
 /\\ / ___'_ __ _ _(_)_ __  __ _ \ \ \ \
( ( )\___ | '_ | '_| | '_ \/ _` | \ \ \ \
 \\/  ___)| |_)| | | | | || (_| |  ) ) ) )
  '  |____| .__|_| |_|_| |_\__, | / / / /
 =========|_|==============|___/=/_/_/_/
 :: Spring Boot ::                (v3.2.2)

2024-01-31T15:15:47.724+01:00  WARN 7864 --- [           main] ory$DuplicateJsonObjectContextCustomizer : 

Found multiple occurrences of org.json.JSONObject on the class path:

	jar:file:/C:/Users/andre/.m2/repository/org/json/json/20160212/json-20160212.jar!/org/json/JSONObject.class
	jar:file:/C:/Users/andre/.m2/repository/com/vaadin/external/google/android-json/0.0.20131108.vaadin1/android-json-0.0.20131108.vaadin1.jar!/org/json/JSONObject.class

You may wish to exclude one of them to ensure predictable runtime behavior

2024-01-31T15:15:47.735+01:00  INFO 7864 --- [           main] B.C.battle.GetBattleTest                 : Starting GetBattleTest using Java 20 with PID 7864 (started by andre in C:\Users\andre\Desktop\CKBApplicationServer)
2024-01-31T15:15:47.736+01:00  INFO 7864 --- [           main] B.C.battle.GetBattleTest                 : No active profile set, falling back to 1 default profile: "default"
2024-01-31T15:15:48.583+01:00  INFO 7864 --- [           main] .s.d.r.c.RepositoryConfigurationDelegate : Bootstrapping Spring Data MongoDB repositories in DEFAULT mode.
2024-01-31T15:15:48.653+01:00  INFO 7864 --- [           main] .s.d.r.c.RepositoryConfigurationDelegate : Finished Spring Data repository scanning in 65 ms. Found 2 MongoDB repository interfaces.
2024-01-31T15:15:48.779+01:00  WARN 7864 --- [           main] trationDelegate$BeanPostProcessorChecker : Bean 'de.flapdoodle.embed.mongo.spring.autoconfigure.EmbeddedMongoAutoConfiguration' of type [de.flapdoodle.embed.mongo.spring.autoconfigure.EmbeddedMongoAutoConfiguration] is not eligible for getting processed by all BeanPostProcessors (for example: not eligible for auto-proxying). The currently created BeanPostProcessor [setHostAndPortToMongoProperties] is declared through a non-static factory method on that class; consider declaring it as static instead.
2024-01-31T15:15:48.819+01:00  WARN 7864 --- [           main] trationDelegate$BeanPostProcessorChecker : Bean 'de.flapdoodle.mongodb.embedded-de.flapdoodle.embed.mongo.spring.autoconfigure.EmbeddedMongoProperties' of type [de.flapdoodle.embed.mongo.spring.autoconfigure.EmbeddedMongoProperties] is not eligible for getting processed by all BeanPostProcessors (for example: not eligible for auto-proxying). Is this bean getting eagerly injected into a currently created BeanPostProcessor [fixTransactionAndAuth]? Check the corresponding BeanPostProcessor declaration and its dependencies.
2024-01-31T15:15:48.827+01:00  WARN 7864 --- [           main] trationDelegate$BeanPostProcessorChecker : Bean 'spring.data.mongodb-org.springframework.boot.autoconfigure.mongo.MongoProperties' of type [org.springframework.boot.autoconfigure.mongo.MongoProperties] is not eligible for getting processed by all BeanPostProcessors (for example: not eligible for auto-proxying). Is this bean getting eagerly injected into a currently created BeanPostProcessor [fixTransactionAndAuth]? Check the corresponding BeanPostProcessor declaration and its dependencies.
2024-01-31T15:15:48.980+01:00  INFO 7864 --- [           main] d.f.e.m.s.a.SyncClientServerFactory      : sync server factory
2024-01-31T15:15:49.213+01:00  INFO 7864 --- [       Thread-2] d.f.e.m.s.autoconfigure.EmbeddedMongo    : 2024-01-31T15:15:49.212+0100 I CONTROL  [main] Automatically disabling TLS 1.0, to force-enable TLS 1.0 specify --sslDisabledProtocols 'none'
2024-01-31T15:15:49.215+01:00  INFO 7864 --- [       Thread-2] d.f.e.m.s.autoconfigure.EmbeddedMongo    : 2024-01-31T15:15:49.213+0100 I CONTROL  [main] note: noprealloc may hurt performance in many applications
2024-01-31T15:15:49.299+01:00  INFO 7864 --- [       Thread-2] d.f.e.m.s.autoconfigure.EmbeddedMongo    : 2024-01-31T15:15:49.300+0100 I CONTROL  [initandlisten] MongoDB starting : pid=4580 port=50257 dbpath=C:\Users\andre\AppData\Local\Temp\temp--acfadf0d-b522-4ac7-bdf6-dbf2e62d7a98\mongod-database7225773565759665428 64-bit host=DESKTOP-EQJFJFA
2024-01-31T15:15:49.300+01:00  INFO 7864 --- [       Thread-2] d.f.e.m.s.autoconfigure.EmbeddedMongo    : 2024-01-31T15:15:49.300+0100 I CONTROL  [initandlisten] targetMinOS: Windows 7/Windows Server 2008 R2
2024-01-31T15:15:49.300+01:00  INFO 7864 --- [       Thread-2] d.f.e.m.s.autoconfigure.EmbeddedMongo    : 2024-01-31T15:15:49.300+0100 I CONTROL  [initandlisten] db version v4.0.2
2024-01-31T15:15:49.300+01:00  INFO 7864 --- [       Thread-2] d.f.e.m.s.autoconfigure.EmbeddedMongo    : 2024-01-31T15:15:49.300+0100 I CONTROL  [initandlisten] git version: fc1573ba18aee42f97a3bb13b67af7d837826b47
2024-01-31T15:15:49.300+01:00  INFO 7864 --- [       Thread-2] d.f.e.m.s.autoconfigure.EmbeddedMongo    : 2024-01-31T15:15:49.300+0100 I CONTROL  [initandlisten] allocator: tcmalloc
2024-01-31T15:15:49.300+01:00  INFO 7864 --- [       Thread-2] d.f.e.m.s.autoconfigure.EmbeddedMongo    : 2024-01-31T15:15:49.300+0100 I CONTROL  [initandlisten] modules: none
2024-01-31T15:15:49.300+01:00  INFO 7864 --- [       Thread-2] d.f.e.m.s.autoconfigure.EmbeddedMongo    : 2024-01-31T15:15:49.300+0100 I CONTROL  [initandlisten] build environment:
2024-01-31T15:15:49.300+01:00  INFO 7864 --- [       Thread-2] d.f.e.m.s.autoconfigure.EmbeddedMongo    : 2024-01-31T15:15:49.300+0100 I CONTROL  [initandlisten]     distmod: 2008plus-ssl
2024-01-31T15:15:49.300+01:00  INFO 7864 --- [       Thread-2] d.f.e.m.s.autoconfigure.EmbeddedMongo    : 2024-01-31T15:15:49.300+0100 I CONTROL  [initandlisten]     distarch: x86_64
2024-01-31T15:15:49.300+01:00  INFO 7864 --- [       Thread-2] d.f.e.m.s.autoconfigure.EmbeddedMongo    : 2024-01-31T15:15:49.300+0100 I CONTROL  [initandlisten]     target_arch: x86_64
2024-01-31T15:15:49.300+01:00  INFO 7864 --- [       Thread-2] d.f.e.m.s.autoconfigure.EmbeddedMongo    : 2024-01-31T15:15:49.300+0100 I CONTROL  [initandlisten] options: { net: { bindIp: "127.0.0.1", port: 50257 }, security: { authorization: "disabled" }, storage: { dbPath: "C:\Users\andre\AppData\Local\Temp\temp--acfadf0d-b522-4ac7-bdf6-dbf2e62d7a98\mongod-database7225773565759665428", journal: { enabled: false }, mmapv1: { preallocDataFiles: false, smallFiles: true }, syncPeriodSecs: 0.0 } }
2024-01-31T15:15:49.301+01:00  INFO 7864 --- [       Thread-2] d.f.e.m.s.autoconfigure.EmbeddedMongo    : 2024-01-31T15:15:49.301+0100 I STORAGE  [initandlisten] wiredtiger_open config: create,cache_size=7657M,session_max=20000,eviction=(threads_min=4,threads_max=4),config_base=false,statistics=(fast),log=(enabled=true,archive=true,path=journal,compressor=snappy),file_manager=(close_idle_time=100000),statistics_log=(wait=0),verbose=(recovery_progress),,log=(enabled=false),
2024-01-31T15:15:49.315+01:00  INFO 7864 --- [       Thread-2] d.f.e.m.s.autoconfigure.EmbeddedMongo    : 2024-01-31T15:15:49.315+0100 I STORAGE  [initandlisten] WiredTiger message [1706710549:315458][4580:140706605324384], txn-recover: Set global recovery timestamp: 0
2024-01-31T15:15:49.329+01:00  INFO 7864 --- [       Thread-2] d.f.e.m.s.autoconfigure.EmbeddedMongo    : 2024-01-31T15:15:49.330+0100 I RECOVERY [initandlisten] WiredTiger recoveryTimestamp. Ts: Timestamp(0, 0)
2024-01-31T15:15:49.383+01:00  INFO 7864 --- [       Thread-2] d.f.e.m.s.autoconfigure.EmbeddedMongo    : 2024-01-31T15:15:49.384+0100 W STORAGE  [initandlisten] Detected configuration for non-active storage engine mmapv1 when current storage engine is wiredTiger
2024-01-31T15:15:49.384+01:00  INFO 7864 --- [       Thread-2] d.f.e.m.s.autoconfigure.EmbeddedMongo    : 2024-01-31T15:15:49.384+0100 I STORAGE  [initandlisten] createCollection: admin.system.version with provided UUID: 09ebef63-349b-409d-b29b-37eca5729baa
2024-01-31T15:15:49.448+01:00  INFO 7864 --- [       Thread-2] d.f.e.m.s.autoconfigure.EmbeddedMongo    : 2024-01-31T15:15:49.448+0100 I COMMAND  [initandlisten] setting featureCompatibilityVersion to 4.0
2024-01-31T15:15:49.452+01:00  INFO 7864 --- [       Thread-2] d.f.e.m.s.autoconfigure.EmbeddedMongo    : 2024-01-31T15:15:49.452+0100 I STORAGE  [initandlisten] createCollection: local.startup_log with generated UUID: 85b797fa-514b-43b4-a92f-fe5d9c895cd6
2024-01-31T15:15:50.071+01:00  INFO 7864 --- [       Thread-2] d.f.e.m.s.autoconfigure.EmbeddedMongo    : 2024-01-31T15:15:50.071+0100 W FTDC     [initandlisten] Failed to initialize Performance Counters for FTDC: WindowsPdhError: PdhExpandCounterPathW failed with 'Impossibile trovare l'oggetto specificato nel computer.' for counter '\Memory\Available Bytes'
2024-01-31T15:15:50.071+01:00  INFO 7864 --- [       Thread-2] d.f.e.m.s.autoconfigure.EmbeddedMongo    : 2024-01-31T15:15:50.071+0100 I FTDC     [initandlisten] Initializing full-time diagnostic data capture with directory 'C:/Users/andre/AppData/Local/Temp/temp--acfadf0d-b522-4ac7-bdf6-dbf2e62d7a98/mongod-database7225773565759665428/diagnostic.data'
2024-01-31T15:15:50.074+01:00  INFO 7864 --- [       Thread-2] d.f.e.m.s.autoconfigure.EmbeddedMongo    : 2024-01-31T15:15:50.075+0100 I NETWORK  [initandlisten] waiting for connections on port 50257
2024-01-31T15:15:50.075+01:00  INFO 7864 --- [       Thread-2] d.f.e.m.s.autoconfigure.EmbeddedMongo    : 2024-01-31T15:15:50.075+0100 I STORAGE  [LogicalSessionCacheRefresh] createCollection: config.system.sessions with generated UUID: 589245ec-8ce9-4011-8671-055ed11d8948
2024-01-31T15:15:50.200+01:00  INFO 7864 --- [       Thread-2] d.f.e.m.s.autoconfigure.EmbeddedMongo    : 2024-01-31T15:15:50.200+0100 I INDEX    [LogicalSessionCacheRefresh] build index on: config.system.sessions properties: { v: 2, key: { lastUse: 1 }, name: "lsidTTLIndex", ns: "config.system.sessions", expireAfterSeconds: 1800 }
2024-01-31T15:15:50.200+01:00  INFO 7864 --- [       Thread-2] d.f.e.m.s.autoconfigure.EmbeddedMongo    : 2024-01-31T15:15:50.200+0100 I INDEX    [LogicalSessionCacheRefresh] 	 building index using bulk method; build may temporarily use up to 500 megabytes of RAM
2024-01-31T15:15:50.202+01:00  INFO 7864 --- [       Thread-2] d.f.e.m.s.autoconfigure.EmbeddedMongo    : 2024-01-31T15:15:50.202+0100 I INDEX    [LogicalSessionCacheRefresh] build index done.  scanned 0 total records. 0 secs
2024-01-31T15:15:50.202+01:00  INFO 7864 --- [       Thread-2] d.f.e.m.s.autoconfigure.EmbeddedMongo    : 2024-01-31T15:15:50.202+0100 I COMMAND  [LogicalSessionCacheRefresh] command config.$cmd command: createIndexes { createIndexes: "system.sessions", indexes: [ { key: { lastUse: 1 }, name: "lsidTTLIndex", expireAfterSeconds: 1800 } ], $db: "config" } numYields:0 reslen:114 locks:{ Global: { acquireCount: { r: 1, w: 1 } }, Database: { acquireCount: { W: 1 } }, Collection: { acquireCount: { w: 1 } } } protocol:op_msg 127ms
2024-01-31T15:15:50.218+01:00  INFO 7864 --- [       Thread-2] d.f.e.m.s.autoconfigure.EmbeddedMongo    : 2024-01-31T15:15:50.218+0100 I NETWORK  [listener] connection accepted from 127.0.0.1:50258 #1 (1 connection now open)
2024-01-31T15:15:50.219+01:00  INFO 7864 --- [       Thread-2] d.f.e.m.s.autoconfigure.EmbeddedMongo    : 2024-01-31T15:15:50.219+0100 I NETWORK  [listener] connection accepted from 127.0.0.1:50259 #2 (2 connections now open)
2024-01-31T15:15:50.230+01:00  INFO 7864 --- [           main] org.mongodb.driver.client                : MongoClient with metadata {"driver": {"name": "mongo-java-driver|sync|spring-boot", "version": "4.11.1"}, "os": {"type": "Windows", "name": "Windows 10", "architecture": "amd64", "version": "10.0"}, "platform": "Java/Oracle Corporation/20+36-2344"} created with settings MongoClientSettings{readPreference=primary, writeConcern=WriteConcern{w=null, wTimeout=null ms, journal=null}, retryWrites=true, retryReads=true, readConcern=ReadConcern{level=null}, credential=null, transportSettings=null, streamFactoryFactory=null, commandListeners=[], codecRegistry=ProvidersCodecRegistry{codecProviders=[ValueCodecProvider{}, BsonValueCodecProvider{}, DBRefCodecProvider{}, DBObjectCodecProvider{}, DocumentCodecProvider{}, CollectionCodecProvider{}, IterableCodecProvider{}, MapCodecProvider{}, GeoJsonCodecProvider{}, GridFSFileCodecProvider{}, Jsr310CodecProvider{}, JsonObjectCodecProvider{}, BsonCodecProvider{}, EnumCodecProvider{}, com.mongodb.client.model.mql.ExpressionCodecProvider@675230cd, com.mongodb.Jep395RecordCodecProvider@2a73a64f, com.mongodb.KotlinCodecProvider@7dc92a06]}, loggerSettings=LoggerSettings{maxDocumentLength=1000}, clusterSettings={hosts=[kubernetes.docker.internal:50257], srvServiceName=mongodb, mode=SINGLE, requiredClusterType=UNKNOWN, requiredReplicaSetName='null', serverSelector='null', clusterListeners='[]', serverSelectionTimeout='30000 ms', localThreshold='15 ms'}, socketSettings=SocketSettings{connectTimeoutMS=10000, readTimeoutMS=0, receiveBufferSize=0, proxySettings=ProxySettings{host=null, port=null, username=null, password=null}}, heartbeatSocketSettings=SocketSettings{connectTimeoutMS=10000, readTimeoutMS=10000, receiveBufferSize=0, proxySettings=ProxySettings{host=null, port=null, username=null, password=null}}, connectionPoolSettings=ConnectionPoolSettings{maxSize=100, minSize=0, maxWaitTimeMS=120000, maxConnectionLifeTimeMS=0, maxConnectionIdleTimeMS=0, maintenanceInitialDelayMS=0, maintenanceFrequencyMS=60000, connectionPoolListeners=[], maxConnecting=2}, serverSettings=ServerSettings{heartbeatFrequencyMS=10000, minHeartbeatFrequencyMS=500, serverListeners='[]', serverMonitorListeners='[]'}, sslSettings=SslSettings{enabled=false, invalidHostNameAllowed=false, context=null}, applicationName='null', compressorList=[], uuidRepresentation=JAVA_LEGACY, serverApi=null, autoEncryptionSettings=null, dnsClient=null, inetAddressResolver=null, contextProvider=null}
2024-01-31T15:15:50.233+01:00  INFO 7864 --- [       Thread-2] d.f.e.m.s.autoconfigure.EmbeddedMongo    : 2024-01-31T15:15:50.232+0100 I NETWORK  [conn2] received client metadata from 127.0.0.1:50259 conn2: { driver: { name: "mongo-java-driver|sync|spring-boot", version: "4.11.1" }, os: { type: "Windows", name: "Windows 10", architecture: "amd64", version: "10.0" }, platform: "Java/Oracle Corporation/20+36-2344" }
2024-01-31T15:15:50.233+01:00  INFO 7864 --- [       Thread-2] d.f.e.m.s.autoconfigure.EmbeddedMongo    : 2024-01-31T15:15:50.233+0100 I NETWORK  [conn1] received client metadata from 127.0.0.1:50258 conn1: { driver: { name: "mongo-java-driver|sync|spring-boot", version: "4.11.1" }, os: { type: "Windows", name: "Windows 10", architecture: "amd64", version: "10.0" }, platform: "Java/Oracle Corporation/20+36-2344" }
2024-01-31T15:15:50.252+01:00  INFO 7864 --- [.internal:50257] org.mongodb.driver.cluster               : Monitor thread successfully connected to server with description ServerDescription{address=kubernetes.docker.internal:50257, type=STANDALONE, state=CONNECTED, ok=true, minWireVersion=0, maxWireVersion=7, maxDocumentSize=16777216, logicalSessionTimeoutMinutes=30, roundTripTimeNanos=30030800}
2024-01-31T15:15:50.658+01:00  INFO 7864 --- [       Thread-2] d.f.e.m.s.autoconfigure.EmbeddedMongo    : 2024-01-31T15:15:50.659+0100 I NETWORK  [listener] connection accepted from 127.0.0.1:50260 #3 (3 connections now open)
2024-01-31T15:15:50.660+01:00  INFO 7864 --- [       Thread-2] d.f.e.m.s.autoconfigure.EmbeddedMongo    : 2024-01-31T15:15:50.661+0100 I NETWORK  [conn3] received client metadata from 127.0.0.1:50260 conn3: { driver: { name: "mongo-java-driver|sync|spring-boot", version: "4.11.1" }, os: { type: "Windows", name: "Windows 10", architecture: "amd64", version: "10.0" }, platform: "Java/Oracle Corporation/20+36-2344" }
2024-01-31T15:15:50.677+01:00  INFO 7864 --- [       Thread-2] d.f.e.m.s.autoconfigure.EmbeddedMongo    : 2024-01-31T15:15:50.678+0100 I STORAGE  [conn3] createCollection: ckb_application.tournament with generated UUID: 00c3c04c-6489-42d1-9c98-1d47dc5c72e9
2024-01-31T15:15:50.784+01:00  INFO 7864 --- [       Thread-2] d.f.e.m.s.autoconfigure.EmbeddedMongo    : 2024-01-31T15:15:50.784+0100 I INDEX    [conn3] build index on: ckb_application.tournament properties: { v: 2, unique: true, key: { title: 1 }, name: "title", ns: "ckb_application.tournament" }
2024-01-31T15:15:50.784+01:00  INFO 7864 --- [       Thread-2] d.f.e.m.s.autoconfigure.EmbeddedMongo    : 2024-01-31T15:15:50.784+0100 I INDEX    [conn3] 	 building index using bulk method; build may temporarily use up to 500 megabytes of RAM
2024-01-31T15:15:50.785+01:00  INFO 7864 --- [       Thread-2] d.f.e.m.s.autoconfigure.EmbeddedMongo    : 2024-01-31T15:15:50.785+0100 I INDEX    [conn3] build index done.  scanned 0 total records. 0 secs
2024-01-31T15:15:50.785+01:00  INFO 7864 --- [       Thread-2] d.f.e.m.s.autoconfigure.EmbeddedMongo    : 2024-01-31T15:15:50.785+0100 I COMMAND  [conn3] command ckb_application.$cmd command: createIndexes { createIndexes: "tournament", indexes: [ { key: { title: 1 }, name: "title", unique: true } ], $db: "ckb_application", lsid: { id: UUID("2cc7c849-979e-49df-bc6c-b16f059790b1") } } numYields:0 reslen:114 locks:{ Global: { acquireCount: { r: 1, w: 1 } }, Database: { acquireCount: { W: 1 } }, Collection: { acquireCount: { w: 1 } } } protocol:op_msg 107ms
2024-01-31T15:15:50.818+01:00  INFO 7864 --- [       Thread-2] d.f.e.m.s.autoconfigure.EmbeddedMongo    : 2024-01-31T15:15:50.819+0100 I INDEX    [conn3] build index on: ckb_application.tournament properties: { v: 2, key: { battles.title: 1 }, name: "battles.title", ns: "ckb_application.tournament" }
2024-01-31T15:15:50.819+01:00  INFO 7864 --- [       Thread-2] d.f.e.m.s.autoconfigure.EmbeddedMongo    : 2024-01-31T15:15:50.819+0100 I INDEX    [conn3] 	 building index using bulk method; build may temporarily use up to 500 megabytes of RAM
2024-01-31T15:15:50.819+01:00  INFO 7864 --- [       Thread-2] d.f.e.m.s.autoconfigure.EmbeddedMongo    : 2024-01-31T15:15:50.820+0100 I INDEX    [conn3] build index done.  scanned 0 total records. 0 secs
2024-01-31T15:15:50.823+01:00  INFO 7864 --- [       Thread-2] d.f.e.m.s.autoconfigure.EmbeddedMongo    : 2024-01-31T15:15:50.823+0100 I STORAGE  [conn3] createCollection: ckb_application.user with generated UUID: 4fa027ac-f2d6-4730-a3b1-969deee097e4
2024-01-31T15:15:50.917+01:00  INFO 7864 --- [       Thread-2] d.f.e.m.s.autoconfigure.EmbeddedMongo    : 2024-01-31T15:15:50.917+0100 I INDEX    [conn3] build index on: ckb_application.user properties: { v: 2, unique: true, key: { username: 1 }, name: "username", ns: "ckb_application.user" }
2024-01-31T15:15:50.918+01:00  INFO 7864 --- [       Thread-2] d.f.e.m.s.autoconfigure.EmbeddedMongo    : 2024-01-31T15:15:50.917+0100 I INDEX    [conn3] 	 building index using bulk method; build may temporarily use up to 500 megabytes of RAM
2024-01-31T15:15:50.918+01:00  INFO 7864 --- [       Thread-2] d.f.e.m.s.autoconfigure.EmbeddedMongo    : 2024-01-31T15:15:50.919+0100 I INDEX    [conn3] build index done.  scanned 0 total records. 0 secs
2024-01-31T15:15:50.950+01:00  INFO 7864 --- [       Thread-2] d.f.e.m.s.autoconfigure.EmbeddedMongo    : 2024-01-31T15:15:50.950+0100 I INDEX    [conn3] build index on: ckb_application.user properties: { v: 2, unique: true, key: { email: 1 }, name: "email", ns: "ckb_application.user" }
2024-01-31T15:15:50.951+01:00  INFO 7864 --- [       Thread-2] d.f.e.m.s.autoconfigure.EmbeddedMongo    : 2024-01-31T15:15:50.950+0100 I INDEX    [conn3] 	 building index using bulk method; build may temporarily use up to 500 megabytes of RAM
2024-01-31T15:15:50.951+01:00  INFO 7864 --- [       Thread-2] d.f.e.m.s.autoconfigure.EmbeddedMongo    : 2024-01-31T15:15:50.951+0100 I INDEX    [conn3] build index done.  scanned 0 total records. 0 secs
2024-01-31T15:15:50.987+01:00  INFO 7864 --- [       Thread-2] d.f.e.m.s.autoconfigure.EmbeddedMongo    : 2024-01-31T15:15:50.987+0100 I INDEX    [conn3] build index on: ckb_application.user properties: { v: 2, key: { invites.sender: 1 }, name: "invites.sender", ns: "ckb_application.user" }
2024-01-31T15:15:50.988+01:00  INFO 7864 --- [       Thread-2] d.f.e.m.s.autoconfigure.EmbeddedMongo    : 2024-01-31T15:15:50.987+0100 I INDEX    [conn3] 	 building index using bulk method; build may temporarily use up to 500 megabytes of RAM
2024-01-31T15:15:50.990+01:00  INFO 7864 --- [       Thread-2] d.f.e.m.s.autoconfigure.EmbeddedMongo    : 2024-01-31T15:15:50.989+0100 I INDEX    [conn3] build index done.  scanned 0 total records. 0 secs
2024-01-31T15:15:51.027+01:00  INFO 7864 --- [       Thread-2] d.f.e.m.s.autoconfigure.EmbeddedMongo    : 2024-01-31T15:15:51.028+0100 I INDEX    [conn3] build index on: ckb_application.user properties: { v: 2, key: { invites.receiver: 1 }, name: "invites.receiver", ns: "ckb_application.user" }
2024-01-31T15:15:51.027+01:00  INFO 7864 --- [       Thread-2] d.f.e.m.s.autoconfigure.EmbeddedMongo    : 2024-01-31T15:15:51.028+0100 I INDEX    [conn3] 	 building index using bulk method; build may temporarily use up to 500 megabytes of RAM
2024-01-31T15:15:51.028+01:00  INFO 7864 --- [       Thread-2] d.f.e.m.s.autoconfigure.EmbeddedMongo    : 2024-01-31T15:15:51.029+0100 I INDEX    [conn3] build index done.  scanned 0 total records. 0 secs
2024-01-31T15:15:51.030+01:00  INFO 7864 --- [       Thread-2] d.f.e.m.s.autoconfigure.EmbeddedMongo    : 2024-01-31T15:15:51.030+0100 I STORAGE  [conn3] createCollection: ckb_application.invite with generated UUID: f0314418-b6e9-4b22-b502-c6bd33e1265e
2024-01-31T15:15:51.126+01:00  INFO 7864 --- [       Thread-2] d.f.e.m.s.autoconfigure.EmbeddedMongo    : 2024-01-31T15:15:51.126+0100 I INDEX    [conn3] build index on: ckb_application.invite properties: { v: 2, key: { sender: 1 }, name: "sender", ns: "ckb_application.invite" }
2024-01-31T15:15:51.126+01:00  INFO 7864 --- [       Thread-2] d.f.e.m.s.autoconfigure.EmbeddedMongo    : 2024-01-31T15:15:51.126+0100 I INDEX    [conn3] 	 building index using bulk method; build may temporarily use up to 500 megabytes of RAM
2024-01-31T15:15:51.127+01:00  INFO 7864 --- [       Thread-2] d.f.e.m.s.autoconfigure.EmbeddedMongo    : 2024-01-31T15:15:51.127+0100 I INDEX    [conn3] build index done.  scanned 0 total records. 0 secs
2024-01-31T15:15:51.156+01:00  INFO 7864 --- [       Thread-2] d.f.e.m.s.autoconfigure.EmbeddedMongo    : 2024-01-31T15:15:51.156+0100 I INDEX    [conn3] build index on: ckb_application.invite properties: { v: 2, key: { receiver: 1 }, name: "receiver", ns: "ckb_application.invite" }
2024-01-31T15:15:51.156+01:00  INFO 7864 --- [       Thread-2] d.f.e.m.s.autoconfigure.EmbeddedMongo    : 2024-01-31T15:15:51.156+0100 I INDEX    [conn3] 	 building index using bulk method; build may temporarily use up to 500 megabytes of RAM
2024-01-31T15:15:51.157+01:00  INFO 7864 --- [       Thread-2] d.f.e.m.s.autoconfigure.EmbeddedMongo    : 2024-01-31T15:15:51.157+0100 I INDEX    [conn3] build index done.  scanned 0 total records. 0 secs
2024-01-31T15:15:51.159+01:00  INFO 7864 --- [       Thread-2] d.f.e.m.s.autoconfigure.EmbeddedMongo    : 2024-01-31T15:15:51.160+0100 I STORAGE  [conn3] createCollection: ckb_application.battle with generated UUID: bcb732af-16e8-4f77-9390-c55c0a685481
2024-01-31T15:15:51.259+01:00  INFO 7864 --- [       Thread-2] d.f.e.m.s.autoconfigure.EmbeddedMongo    : 2024-01-31T15:15:51.259+0100 I INDEX    [conn3] build index on: ckb_application.battle properties: { v: 2, key: { title: 1 }, name: "title", ns: "ckb_application.battle" }
2024-01-31T15:15:51.259+01:00  INFO 7864 --- [       Thread-2] d.f.e.m.s.autoconfigure.EmbeddedMongo    : 2024-01-31T15:15:51.259+0100 I INDEX    [conn3] 	 building index using bulk method; build may temporarily use up to 500 megabytes of RAM
2024-01-31T15:15:51.260+01:00  INFO 7864 --- [       Thread-2] d.f.e.m.s.autoconfigure.EmbeddedMongo    : 2024-01-31T15:15:51.260+0100 I INDEX    [conn3] build index done.  scanned 0 total records. 0 secs
2024-01-31T15:15:51.260+01:00  INFO 7864 --- [       Thread-2] d.f.e.m.s.autoconfigure.EmbeddedMongo    : 2024-01-31T15:15:51.260+0100 I COMMAND  [conn3] command ckb_application.$cmd command: createIndexes { createIndexes: "battle", indexes: [ { key: { title: 1 }, name: "title" } ], $db: "ckb_application", lsid: { id: UUID("2cc7c849-979e-49df-bc6c-b16f059790b1") } } numYields:0 reslen:114 locks:{ Global: { acquireCount: { r: 1, w: 1 } }, Database: { acquireCount: { W: 1 } }, Collection: { acquireCount: { w: 1 } } } protocol:op_msg 100ms
2024-01-31T15:15:51.514+01:00  INFO 7864 --- [           main] B.C.battle.GetBattleTest                 : Started GetBattleTest in 4.187 seconds (process running for 10.052)
]]></system-out>
  </testcase>
  <testcase name="shouldFindBattleAsEducator" classname="BersaniChiappiniFraschini.CKBApplicationServer.battle.GetBattleTest" time="0.016"/>
  <testcase name="shouldNotFindBattle" classname="BersaniChiappiniFraschini.CKBApplicationServer.battle.GetBattleTest" time="0.018"/>
</testsuite>