<?xml version="1.0" encoding="UTF-8"?>
<testsuite xmlns:xsi="http://www.w3.org/2001/XMLSchema-instance" xsi:noNamespaceSchemaLocation="https://maven.apache.org/surefire/maven-surefire-plugin/xsd/surefire-test-report-3.0.xsd" version="3.0" name="BersaniChiappiniFraschini.CKBApplicationServer.group.GroupServiceTest" time="11.899" tests="3" errors="0" skipped="0" failures="0">
  <properties>
[...]
</properties>
  <testcase name="shouldAddInvitedUserIfTheyAccepted" classname="BersaniChiappiniFraschini.CKBApplicationServer.group.GroupServiceTest" time="0.058">
    <system-out><![CDATA[2024-02-01T17:20:20.645+01:00  INFO 17472 --- [           main] t.c.s.AnnotationConfigContextLoaderUtils : Could not detect default configuration classes for test class [BersaniChiappiniFraschini.CKBApplicationServer.group.GroupServiceTest]: GroupServiceTest does not declare any static, non-private, non-final, nested classes annotated with @Configuration.
2024-02-01T17:20:20.769+01:00  INFO 17472 --- [           main] .b.t.c.SpringBootTestContextBootstrapper : Found @SpringBootConfiguration BersaniChiappiniFraschini.CKBApplicationServer.CkbApplicationServerMain for test class BersaniChiappiniFraschini.CKBApplicationServer.group.GroupServiceTest

  .   ____          _            __ _ _
 /\\ / ___'_ __ _ _(_)_ __  __ _ \ \ \ \
( ( )\___ | '_ | '_| | '_ \/ _` | \ \ \ \
 \\/  ___)| |_)| | | | | || (_| |  ) ) ) )
  '  |____| .__|_| |_|_| |_\__, | / / / /
 =========|_|==============|___/=/_/_/_/
 :: Spring Boot ::                (v3.2.2)

2024-02-01T17:20:20.839+01:00  WARN 17472 --- [           main] ory$DuplicateJsonObjectContextCustomizer : 

Found multiple occurrences of org.json.JSONObject on the class path:

	jar:file:/C:/Users/andre/.m2/repository/org/json/json/20160212/json-20160212.jar!/org/json/JSONObject.class
	jar:file:/C:/Users/andre/.m2/repository/com/vaadin/external/google/android-json/0.0.20131108.vaadin1/android-json-0.0.20131108.vaadin1.jar!/org/json/JSONObject.class

You may wish to exclude one of them to ensure predictable runtime behavior

2024-02-01T17:20:20.842+01:00  INFO 17472 --- [           main] B.C.group.GroupServiceTest               : Starting GroupServiceTest using Java 20 with PID 17472 (started by andre in C:\Users\andre\Desktop\CKBApplicationServer)
2024-02-01T17:20:20.843+01:00  INFO 17472 --- [           main] B.C.group.GroupServiceTest               : No active profile set, falling back to 1 default profile: "default"
2024-02-01T17:20:21.531+01:00  INFO 17472 --- [           main] .s.d.r.c.RepositoryConfigurationDelegate : Bootstrapping Spring Data MongoDB repositories in DEFAULT mode.
2024-02-01T17:20:21.574+01:00  INFO 17472 --- [           main] .s.d.r.c.RepositoryConfigurationDelegate : Finished Spring Data repository scanning in 43 ms. Found 2 MongoDB repository interfaces.
2024-02-01T17:20:21.716+01:00  WARN 17472 --- [           main] trationDelegate$BeanPostProcessorChecker : Bean 'de.flapdoodle.embed.mongo.spring.autoconfigure.EmbeddedMongoAutoConfiguration' of type [de.flapdoodle.embed.mongo.spring.autoconfigure.EmbeddedMongoAutoConfiguration] is not eligible for getting processed by all BeanPostProcessors (for example: not eligible for auto-proxying). The currently created BeanPostProcessor [setHostAndPortToMongoProperties] is declared through a non-static factory method on that class; consider declaring it as static instead.
2024-02-01T17:20:21.721+01:00  WARN 17472 --- [           main] trationDelegate$BeanPostProcessorChecker : Bean 'de.flapdoodle.mongodb.embedded-de.flapdoodle.embed.mongo.spring.autoconfigure.EmbeddedMongoProperties' of type [de.flapdoodle.embed.mongo.spring.autoconfigure.EmbeddedMongoProperties] is not eligible for getting processed by all BeanPostProcessors (for example: not eligible for auto-proxying). Is this bean getting eagerly injected into a currently created BeanPostProcessor [fixTransactionAndAuth]? Check the corresponding BeanPostProcessor declaration and its dependencies.
2024-02-01T17:20:21.723+01:00  WARN 17472 --- [           main] trationDelegate$BeanPostProcessorChecker : Bean 'spring.data.mongodb-org.springframework.boot.autoconfigure.mongo.MongoProperties' of type [org.springframework.boot.autoconfigure.mongo.MongoProperties] is not eligible for getting processed by all BeanPostProcessors (for example: not eligible for auto-proxying). Is this bean getting eagerly injected into a currently created BeanPostProcessor [fixTransactionAndAuth]? Check the corresponding BeanPostProcessor declaration and its dependencies.
2024-02-01T17:20:21.744+01:00  INFO 17472 --- [           main] d.f.e.m.s.a.SyncClientServerFactory      : sync server factory
2024-02-01T17:20:22.166+01:00  INFO 17472 --- [       Thread-8] d.f.e.m.s.autoconfigure.EmbeddedMongo    : 2024-02-01T17:20:22.165+0100 I CONTROL  [main] Automatically disabling TLS 1.0, to force-enable TLS 1.0 specify --sslDisabledProtocols 'none'
2024-02-01T17:20:22.166+01:00  INFO 17472 --- [       Thread-8] d.f.e.m.s.autoconfigure.EmbeddedMongo    : 2024-02-01T17:20:22.166+0100 I CONTROL  [main] note: noprealloc may hurt performance in many applications
2024-02-01T17:20:22.796+01:00  INFO 17472 --- [       Thread-8] d.f.e.m.s.autoconfigure.EmbeddedMongo    : 2024-02-01T17:20:22.796+0100 I CONTROL  [initandlisten] MongoDB starting : pid=13996 port=27017 dbpath=C:\Users\andre\AppData\Local\Temp\temp--ff566b94-8a43-4d06-abae-ad72a9cd65d9\mongod-database13065464838892395035 64-bit host=DESKTOP-EQJFJFA
2024-02-01T17:20:22.797+01:00  INFO 17472 --- [       Thread-8] d.f.e.m.s.autoconfigure.EmbeddedMongo    : 2024-02-01T17:20:22.796+0100 I CONTROL  [initandlisten] targetMinOS: Windows 7/Windows Server 2008 R2
2024-02-01T17:20:22.797+01:00  INFO 17472 --- [       Thread-8] d.f.e.m.s.autoconfigure.EmbeddedMongo    : 2024-02-01T17:20:22.796+0100 I CONTROL  [initandlisten] db version v4.0.2
2024-02-01T17:20:22.797+01:00  INFO 17472 --- [       Thread-8] d.f.e.m.s.autoconfigure.EmbeddedMongo    : 2024-02-01T17:20:22.796+0100 I CONTROL  [initandlisten] git version: fc1573ba18aee42f97a3bb13b67af7d837826b47
2024-02-01T17:20:22.797+01:00  INFO 17472 --- [       Thread-8] d.f.e.m.s.autoconfigure.EmbeddedMongo    : 2024-02-01T17:20:22.796+0100 I CONTROL  [initandlisten] allocator: tcmalloc
2024-02-01T17:20:22.797+01:00  INFO 17472 --- [       Thread-8] d.f.e.m.s.autoconfigure.EmbeddedMongo    : 2024-02-01T17:20:22.796+0100 I CONTROL  [initandlisten] modules: none
2024-02-01T17:20:22.797+01:00  INFO 17472 --- [       Thread-8] d.f.e.m.s.autoconfigure.EmbeddedMongo    : 2024-02-01T17:20:22.796+0100 I CONTROL  [initandlisten] build environment:
2024-02-01T17:20:22.797+01:00  INFO 17472 --- [       Thread-8] d.f.e.m.s.autoconfigure.EmbeddedMongo    : 2024-02-01T17:20:22.796+0100 I CONTROL  [initandlisten]     distmod: 2008plus-ssl
2024-02-01T17:20:22.797+01:00  INFO 17472 --- [       Thread-8] d.f.e.m.s.autoconfigure.EmbeddedMongo    : 2024-02-01T17:20:22.796+0100 I CONTROL  [initandlisten]     distarch: x86_64
2024-02-01T17:20:22.797+01:00  INFO 17472 --- [       Thread-8] d.f.e.m.s.autoconfigure.EmbeddedMongo    : 2024-02-01T17:20:22.796+0100 I CONTROL  [initandlisten]     target_arch: x86_64
2024-02-01T17:20:22.797+01:00  INFO 17472 --- [       Thread-8] d.f.e.m.s.autoconfigure.EmbeddedMongo    : 2024-02-01T17:20:22.796+0100 I CONTROL  [initandlisten] options: { net: { bindIp: "127.0.0.1", port: 27017 }, security: { authorization: "disabled" }, storage: { dbPath: "C:\Users\andre\AppData\Local\Temp\temp--ff566b94-8a43-4d06-abae-ad72a9cd65d9\mongod-database13065464838892395035", journal: { enabled: false }, mmapv1: { preallocDataFiles: false, smallFiles: true }, syncPeriodSecs: 0.0 } }
2024-02-01T17:20:22.800+01:00  INFO 17472 --- [       Thread-8] d.f.e.m.s.autoconfigure.EmbeddedMongo    : 2024-02-01T17:20:22.800+0100 I STORAGE  [initandlisten] wiredtiger_open config: create,cache_size=7657M,session_max=20000,eviction=(threads_min=4,threads_max=4),config_base=false,statistics=(fast),log=(enabled=true,archive=true,path=journal,compressor=snappy),file_manager=(close_idle_time=100000),statistics_log=(wait=0),verbose=(recovery_progress),,log=(enabled=false),
2024-02-01T17:20:22.913+01:00  INFO 17472 --- [       Thread-8] d.f.e.m.s.autoconfigure.EmbeddedMongo    : 2024-02-01T17:20:22.912+0100 I STORAGE  [initandlisten] WiredTiger message [1706804422:912539][13996:140703144237152], txn-recover: Set global recovery timestamp: 0
2024-02-01T17:20:23.528+01:00  INFO 17472 --- [       Thread-8] d.f.e.m.s.autoconfigure.EmbeddedMongo    : 2024-02-01T17:20:23.529+0100 I RECOVERY [initandlisten] WiredTiger recoveryTimestamp. Ts: Timestamp(0, 0)
2024-02-01T17:20:24.323+01:00  INFO 17472 --- [       Thread-5] d.f.e.m.s.autoconfigure.EmbeddedMongo    : 2024-02-01T17:20:24.323+0100 I INDEX    [LogicalSessionCacheRefresh] build index on: config.system.sessions properties: { v: 2, key: { lastUse: 1 }, name: "lsidTTLIndex", ns: "config.system.sessions", expireAfterSeconds: 1800 }
2024-02-01T17:20:24.323+01:00  INFO 17472 --- [       Thread-5] d.f.e.m.s.autoconfigure.EmbeddedMongo    : 2024-02-01T17:20:24.324+0100 I INDEX    [LogicalSessionCacheRefresh] 	 building index using bulk method; build may temporarily use up to 500 megabytes of RAM
2024-02-01T17:20:24.325+01:00  INFO 17472 --- [       Thread-5] d.f.e.m.s.autoconfigure.EmbeddedMongo    : 2024-02-01T17:20:24.325+0100 I INDEX    [LogicalSessionCacheRefresh] build index done.  scanned 0 total records. 0 secs
2024-02-01T17:20:24.325+01:00  INFO 17472 --- [       Thread-5] d.f.e.m.s.autoconfigure.EmbeddedMongo    : 2024-02-01T17:20:24.325+0100 I COMMAND  [LogicalSessionCacheRefresh] command config.$cmd command: createIndexes { createIndexes: "system.sessions", indexes: [ { key: { lastUse: 1 }, name: "lsidTTLIndex", expireAfterSeconds: 1800 } ], $db: "config" } numYields:0 reslen:114 locks:{ Global: { acquireCount: { r: 1, w: 1 } }, Database: { acquireCount: { W: 1 } }, Collection: { acquireCount: { w: 1 } } } protocol:op_msg 5813ms
2024-02-01T17:20:25.058+01:00  INFO 17472 --- [       Thread-8] d.f.e.m.s.autoconfigure.EmbeddedMongo    : 2024-02-01T17:20:25.058+0100 W STORAGE  [initandlisten] Detected configuration for non-active storage engine mmapv1 when current storage engine is wiredTiger
2024-02-01T17:20:25.067+01:00  INFO 17472 --- [       Thread-8] d.f.e.m.s.autoconfigure.EmbeddedMongo    : 2024-02-01T17:20:25.067+0100 I STORAGE  [initandlisten] createCollection: admin.system.version with provided UUID: a50ec4dc-e362-4b9d-880e-dd3fc9687f83
2024-02-01T17:20:27.225+01:00  INFO 17472 --- [       Thread-8] d.f.e.m.s.autoconfigure.EmbeddedMongo    : 2024-02-01T17:20:27.226+0100 I COMMAND  [initandlisten] setting featureCompatibilityVersion to 4.0
2024-02-01T17:20:27.236+01:00  INFO 17472 --- [       Thread-8] d.f.e.m.s.autoconfigure.EmbeddedMongo    : 2024-02-01T17:20:27.236+0100 I STORAGE  [initandlisten] createCollection: local.startup_log with generated UUID: 84f2739b-0725-45c9-9423-c1878168bf90
2024-02-01T17:20:32.067+01:00  INFO 17472 --- [       Thread-8] d.f.e.m.s.autoconfigure.EmbeddedMongo    : 2024-02-01T17:20:32.067+0100 W FTDC     [initandlisten] Failed to initialize Performance Counters for FTDC: WindowsPdhError: PdhExpandCounterPathW failed with 'Impossibile trovare l'oggetto specificato nel computer.' for counter '\Memory\Available Bytes'
2024-02-01T17:20:32.067+01:00  INFO 17472 --- [       Thread-8] d.f.e.m.s.autoconfigure.EmbeddedMongo    : 2024-02-01T17:20:32.067+0100 I FTDC     [initandlisten] Initializing full-time diagnostic data capture with directory 'C:/Users/andre/AppData/Local/Temp/temp--ff566b94-8a43-4d06-abae-ad72a9cd65d9/mongod-database13065464838892395035/diagnostic.data'
2024-02-01T17:20:32.112+01:00  INFO 17472 --- [       Thread-8] d.f.e.m.s.autoconfigure.EmbeddedMongo    : 2024-02-01T17:20:32.112+0100 I STORAGE  [LogicalSessionCacheRefresh] createCollection: config.system.sessions with generated UUID: 9a6cc5ac-4b10-4681-a915-764d9078226b
2024-02-01T17:20:32.112+01:00  INFO 17472 --- [       Thread-8] d.f.e.m.s.autoconfigure.EmbeddedMongo    : 2024-02-01T17:20:32.112+0100 I NETWORK  [initandlisten] waiting for connections on port 27017
2024-02-01T17:20:32.120+01:00  INFO 17472 --- [           main] org.mongodb.driver.client                : MongoClient with metadata {"driver": {"name": "mongo-java-driver|sync|spring-boot", "version": "4.11.1"}, "os": {"type": "Windows", "name": "Windows 10", "architecture": "amd64", "version": "10.0"}, "platform": "Java/Oracle Corporation/20+36-2344"} created with settings MongoClientSettings{readPreference=primary, writeConcern=WriteConcern{w=null, wTimeout=null ms, journal=null}, retryWrites=true, retryReads=true, readConcern=ReadConcern{level=null}, credential=null, transportSettings=null, streamFactoryFactory=null, commandListeners=[], codecRegistry=ProvidersCodecRegistry{codecProviders=[ValueCodecProvider{}, BsonValueCodecProvider{}, DBRefCodecProvider{}, DBObjectCodecProvider{}, DocumentCodecProvider{}, CollectionCodecProvider{}, IterableCodecProvider{}, MapCodecProvider{}, GeoJsonCodecProvider{}, GridFSFileCodecProvider{}, Jsr310CodecProvider{}, JsonObjectCodecProvider{}, BsonCodecProvider{}, EnumCodecProvider{}, com.mongodb.client.model.mql.ExpressionCodecProvider@105dc246, com.mongodb.Jep395RecordCodecProvider@1b556a88, com.mongodb.KotlinCodecProvider@7f8cd5fc]}, loggerSettings=LoggerSettings{maxDocumentLength=1000}, clusterSettings={hosts=[kubernetes.docker.internal:27017], srvServiceName=mongodb, mode=SINGLE, requiredClusterType=UNKNOWN, requiredReplicaSetName='null', serverSelector='null', clusterListeners='[]', serverSelectionTimeout='30000 ms', localThreshold='15 ms'}, socketSettings=SocketSettings{connectTimeoutMS=10000, readTimeoutMS=0, receiveBufferSize=0, proxySettings=ProxySettings{host=null, port=null, username=null, password=null}}, heartbeatSocketSettings=SocketSettings{connectTimeoutMS=10000, readTimeoutMS=10000, receiveBufferSize=0, proxySettings=ProxySettings{host=null, port=null, username=null, password=null}}, connectionPoolSettings=ConnectionPoolSettings{maxSize=100, minSize=0, maxWaitTimeMS=120000, maxConnectionLifeTimeMS=0, maxConnectionIdleTimeMS=0, maintenanceInitialDelayMS=0, maintenanceFrequencyMS=60000, connectionPoolListeners=[], maxConnecting=2}, serverSettings=ServerSettings{heartbeatFrequencyMS=10000, minHeartbeatFrequencyMS=500, serverListeners='[]', serverMonitorListeners='[]'}, sslSettings=SslSettings{enabled=false, invalidHostNameAllowed=false, context=null}, applicationName='null', compressorList=[], uuidRepresentation=JAVA_LEGACY, serverApi=null, autoEncryptionSettings=null, dnsClient=null, inetAddressResolver=null, contextProvider=null}
2024-02-01T17:20:32.198+01:00  INFO 17472 --- [           main] org.mongodb.driver.cluster               : No server chosen by WritableServerSelector from cluster description ClusterDescription{type=UNKNOWN, connectionMode=SINGLE, serverDescriptions=[ServerDescription{address=kubernetes.docker.internal:27017, type=UNKNOWN, state=CONNECTING}]}. Waiting for 30000 ms before timing out
2024-02-01T17:20:32.211+01:00  INFO 17472 --- [.internal:27017] org.mongodb.driver.cluster               : Monitor thread successfully connected to server with description ServerDescription{address=kubernetes.docker.internal:27017, type=STANDALONE, state=CONNECTED, ok=true, minWireVersion=0, maxWireVersion=7, maxDocumentSize=16777216, logicalSessionTimeoutMinutes=30, roundTripTimeNanos=50743900}
2024-02-01T17:20:32.392+01:00  INFO 17472 --- [           main] B.C.group.GroupServiceTest               : Started GroupServiceTest in 11.586 seconds (process running for 67.998)
]]></system-out>
  </testcase>
  <testcase name="shouldNotAddInvitedUserIfTheyRejected" classname="BersaniChiappiniFraschini.CKBApplicationServer.group.GroupServiceTest" time="0.041"/>
  <testcase name="shouldInviteUser" classname="BersaniChiappiniFraschini.CKBApplicationServer.group.GroupServiceTest" time="0.026"/>
</testsuite>