<?xml version="1.0" encoding="UTF-8"?>
<testsuite xmlns:xsi="http://www.w3.org/2001/XMLSchema-instance" xsi:noNamespaceSchemaLocation="https://maven.apache.org/surefire/maven-surefire-plugin/xsd/surefire-test-report-3.0.xsd" version="3.0" name="BersaniChiappiniFraschini.CKBApplicationServer.battle.GetBattleTest" time="4.821" tests="3" errors="0" skipped="0" failures="0">
  <properties>
[...]
</properties>
  <testcase name="shouldFindBattleAsStudent" classname="BersaniChiappiniFraschini.CKBApplicationServer.battle.GetBattleTest" time="0.129">
    <system-out><![CDATA[22:04:12.468 [main] INFO org.springframework.test.context.support.AnnotationConfigContextLoaderUtils -- Could not detect default configuration classes for test class [BersaniChiappiniFraschini.CKBApplicationServer.battle.GetBattleTest]: GetBattleTest does not declare any static, non-private, non-final, nested classes annotated with @Configuration.
22:04:12.584 [main] INFO org.springframework.boot.test.context.SpringBootTestContextBootstrapper -- Found @SpringBootConfiguration BersaniChiappiniFraschini.CKBApplicationServer.CkbApplicationServerMain for test class BersaniChiappiniFraschini.CKBApplicationServer.battle.GetBattleTest

  .   ____          _            __ _ _
 /\\ / ___'_ __ _ _(_)_ __  __ _ \ \ \ \
( ( )\___ | '_ | '_| | '_ \/ _` | \ \ \ \
 \\/  ___)| |_)| | | | | || (_| |  ) ) ) )
  '  |____| .__|_| |_|_| |_\__, | / / / /
 =========|_|==============|___/=/_/_/_/
 :: Spring Boot ::                (v3.2.2)

2024-02-12T22:04:13.100+01:00  WARN 3600 --- [           main] ory$DuplicateJsonObjectContextCustomizer : 

Found multiple occurrences of org.json.JSONObject on the class path:

	jar:file:/C:/Users/andre/.m2/repository/org/json/json/20160212/json-20160212.jar!/org/json/JSONObject.class
	jar:file:/C:/Users/andre/.m2/repository/com/vaadin/external/google/android-json/0.0.20131108.vaadin1/android-json-0.0.20131108.vaadin1.jar!/org/json/JSONObject.class

You may wish to exclude one of them to ensure predictable runtime behavior

2024-02-12T22:04:13.112+01:00  INFO 3600 --- [           main] B.C.battle.GetBattleTest                 : Starting GetBattleTest using Java 20 with PID 3600 (started by andre in C:\Users\andre\Desktop\CKBApplicationServer)
2024-02-12T22:04:13.114+01:00  INFO 3600 --- [           main] B.C.battle.GetBattleTest                 : No active profile set, falling back to 1 default profile: "default"
2024-02-12T22:04:13.948+01:00  INFO 3600 --- [           main] .s.d.r.c.RepositoryConfigurationDelegate : Bootstrapping Spring Data MongoDB repositories in DEFAULT mode.
2024-02-12T22:04:14.008+01:00  INFO 3600 --- [           main] .s.d.r.c.RepositoryConfigurationDelegate : Finished Spring Data repository scanning in 54 ms. Found 2 MongoDB repository interfaces.
2024-02-12T22:04:14.122+01:00  WARN 3600 --- [           main] trationDelegate$BeanPostProcessorChecker : Bean 'de.flapdoodle.embed.mongo.spring.autoconfigure.EmbeddedMongoAutoConfiguration' of type [de.flapdoodle.embed.mongo.spring.autoconfigure.EmbeddedMongoAutoConfiguration] is not eligible for getting processed by all BeanPostProcessors (for example: not eligible for auto-proxying). The currently created BeanPostProcessor [setHostAndPortToMongoProperties] is declared through a non-static factory method on that class; consider declaring it as static instead.
2024-02-12T22:04:14.161+01:00  WARN 3600 --- [           main] trationDelegate$BeanPostProcessorChecker : Bean 'de.flapdoodle.mongodb.embedded-de.flapdoodle.embed.mongo.spring.autoconfigure.EmbeddedMongoProperties' of type [de.flapdoodle.embed.mongo.spring.autoconfigure.EmbeddedMongoProperties] is not eligible for getting processed by all BeanPostProcessors (for example: not eligible for auto-proxying). Is this bean getting eagerly injected into a currently created BeanPostProcessor [fixTransactionAndAuth]? Check the corresponding BeanPostProcessor declaration and its dependencies.
2024-02-12T22:04:14.171+01:00  WARN 3600 --- [           main] trationDelegate$BeanPostProcessorChecker : Bean 'spring.data.mongodb-org.springframework.boot.autoconfigure.mongo.MongoProperties' of type [org.springframework.boot.autoconfigure.mongo.MongoProperties] is not eligible for getting processed by all BeanPostProcessors (for example: not eligible for auto-proxying). Is this bean getting eagerly injected into a currently created BeanPostProcessor [fixTransactionAndAuth]? Check the corresponding BeanPostProcessor declaration and its dependencies.
2024-02-12T22:04:14.435+01:00  INFO 3600 --- [           main] d.f.e.m.s.a.SyncClientServerFactory      : sync server factory
2024-02-12T22:04:14.709+01:00  INFO 3600 --- [       Thread-2] d.f.e.m.s.autoconfigure.EmbeddedMongo    : 2024-02-12T22:04:14.708+0100 I CONTROL  [main] Automatically disabling TLS 1.0, to force-enable TLS 1.0 specify --sslDisabledProtocols 'none'
2024-02-12T22:04:14.710+01:00  INFO 3600 --- [       Thread-2] d.f.e.m.s.autoconfigure.EmbeddedMongo    : 2024-02-12T22:04:14.709+0100 I CONTROL  [main] note: noprealloc may hurt performance in many applications
2024-02-12T22:04:14.792+01:00  INFO 3600 --- [       Thread-2] d.f.e.m.s.autoconfigure.EmbeddedMongo    : 2024-02-12T22:04:14.792+0100 I CONTROL  [initandlisten] MongoDB starting : pid=4756 port=27017 dbpath=C:\Users\andre\AppData\Local\Temp\temp--69fd71dc-da5d-4133-a676-023a7b73e968\mongod-database11652579390739380349 64-bit host=DESKTOP-EQJFJFA
2024-02-12T22:04:14.792+01:00  INFO 3600 --- [       Thread-2] d.f.e.m.s.autoconfigure.EmbeddedMongo    : 2024-02-12T22:04:14.792+0100 I CONTROL  [initandlisten] targetMinOS: Windows 7/Windows Server 2008 R2
2024-02-12T22:04:14.792+01:00  INFO 3600 --- [       Thread-2] d.f.e.m.s.autoconfigure.EmbeddedMongo    : 2024-02-12T22:04:14.792+0100 I CONTROL  [initandlisten] db version v4.0.2
2024-02-12T22:04:14.792+01:00  INFO 3600 --- [       Thread-2] d.f.e.m.s.autoconfigure.EmbeddedMongo    : 2024-02-12T22:04:14.792+0100 I CONTROL  [initandlisten] git version: fc1573ba18aee42f97a3bb13b67af7d837826b47
2024-02-12T22:04:14.792+01:00  INFO 3600 --- [       Thread-2] d.f.e.m.s.autoconfigure.EmbeddedMongo    : 2024-02-12T22:04:14.792+0100 I CONTROL  [initandlisten] allocator: tcmalloc
2024-02-12T22:04:14.792+01:00  INFO 3600 --- [       Thread-2] d.f.e.m.s.autoconfigure.EmbeddedMongo    : 2024-02-12T22:04:14.792+0100 I CONTROL  [initandlisten] modules: none
2024-02-12T22:04:14.792+01:00  INFO 3600 --- [       Thread-2] d.f.e.m.s.autoconfigure.EmbeddedMongo    : 2024-02-12T22:04:14.792+0100 I CONTROL  [initandlisten] build environment:
2024-02-12T22:04:14.793+01:00  INFO 3600 --- [       Thread-2] d.f.e.m.s.autoconfigure.EmbeddedMongo    : 2024-02-12T22:04:14.792+0100 I CONTROL  [initandlisten]     distmod: 2008plus-ssl
2024-02-12T22:04:14.793+01:00  INFO 3600 --- [       Thread-2] d.f.e.m.s.autoconfigure.EmbeddedMongo    : 2024-02-12T22:04:14.792+0100 I CONTROL  [initandlisten]     distarch: x86_64
2024-02-12T22:04:14.793+01:00  INFO 3600 --- [       Thread-2] d.f.e.m.s.autoconfigure.EmbeddedMongo    : 2024-02-12T22:04:14.792+0100 I CONTROL  [initandlisten]     target_arch: x86_64
2024-02-12T22:04:14.793+01:00  INFO 3600 --- [       Thread-2] d.f.e.m.s.autoconfigure.EmbeddedMongo    : 2024-02-12T22:04:14.792+0100 I CONTROL  [initandlisten] options: { net: { bindIp: "127.0.0.1", port: 27017 }, security: { authorization: "disabled" }, storage: { dbPath: "C:\Users\andre\AppData\Local\Temp\temp--69fd71dc-da5d-4133-a676-023a7b73e968\mongod-database11652579390739380349", journal: { enabled: false }, mmapv1: { preallocDataFiles: false, smallFiles: true }, syncPeriodSecs: 0.0 } }
2024-02-12T22:04:14.793+01:00  INFO 3600 --- [       Thread-2] d.f.e.m.s.autoconfigure.EmbeddedMongo    : 2024-02-12T22:04:14.794+0100 I STORAGE  [initandlisten] wiredtiger_open config: create,cache_size=7657M,session_max=20000,eviction=(threads_min=4,threads_max=4),config_base=false,statistics=(fast),log=(enabled=true,archive=true,path=journal,compressor=snappy),file_manager=(close_idle_time=100000),statistics_log=(wait=0),verbose=(recovery_progress),,log=(enabled=false),
2024-02-12T22:04:14.808+01:00  INFO 3600 --- [       Thread-2] d.f.e.m.s.autoconfigure.EmbeddedMongo    : 2024-02-12T22:04:14.808+0100 I STORAGE  [initandlisten] WiredTiger message [1707771854:808601][4756:140715481913440], txn-recover: Set global recovery timestamp: 0
2024-02-12T22:04:14.828+01:00  INFO 3600 --- [       Thread-2] d.f.e.m.s.autoconfigure.EmbeddedMongo    : 2024-02-12T22:04:14.828+0100 I RECOVERY [initandlisten] WiredTiger recoveryTimestamp. Ts: Timestamp(0, 0)
2024-02-12T22:04:14.877+01:00  INFO 3600 --- [       Thread-2] d.f.e.m.s.autoconfigure.EmbeddedMongo    : 2024-02-12T22:04:14.878+0100 W STORAGE  [initandlisten] Detected configuration for non-active storage engine mmapv1 when current storage engine is wiredTiger
2024-02-12T22:04:14.879+01:00  INFO 3600 --- [       Thread-2] d.f.e.m.s.autoconfigure.EmbeddedMongo    : 2024-02-12T22:04:14.880+0100 I STORAGE  [initandlisten] createCollection: admin.system.version with provided UUID: ae15dc65-9765-41b3-961b-4f03d9624b41
2024-02-12T22:04:14.934+01:00  INFO 3600 --- [       Thread-2] d.f.e.m.s.autoconfigure.EmbeddedMongo    : 2024-02-12T22:04:14.935+0100 I COMMAND  [initandlisten] setting featureCompatibilityVersion to 4.0
2024-02-12T22:04:14.938+01:00  INFO 3600 --- [       Thread-2] d.f.e.m.s.autoconfigure.EmbeddedMongo    : 2024-02-12T22:04:14.938+0100 I STORAGE  [initandlisten] createCollection: local.startup_log with generated UUID: 3cfd2f9a-798a-4c27-baee-4f2de73e7bd6
2024-02-12T22:04:15.554+01:00  INFO 3600 --- [       Thread-2] d.f.e.m.s.autoconfigure.EmbeddedMongo    : 2024-02-12T22:04:15.554+0100 W FTDC     [initandlisten] Failed to initialize Performance Counters for FTDC: WindowsPdhError: PdhExpandCounterPathW failed with 'Impossibile trovare l'oggetto specificato nel computer.' for counter '\Memory\Available Bytes'
2024-02-12T22:04:15.554+01:00  INFO 3600 --- [       Thread-2] d.f.e.m.s.autoconfigure.EmbeddedMongo    : 2024-02-12T22:04:15.554+0100 I FTDC     [initandlisten] Initializing full-time diagnostic data capture with directory 'C:/Users/andre/AppData/Local/Temp/temp--69fd71dc-da5d-4133-a676-023a7b73e968/mongod-database11652579390739380349/diagnostic.data'
2024-02-12T22:04:15.555+01:00  INFO 3600 --- [       Thread-2] d.f.e.m.s.autoconfigure.EmbeddedMongo    : 2024-02-12T22:04:15.556+0100 I STORAGE  [LogicalSessionCacheRefresh] createCollection: config.system.sessions with generated UUID: e454b2b3-babf-4d00-88bc-7dd7c97f86f0
2024-02-12T22:04:15.556+01:00  INFO 3600 --- [       Thread-2] d.f.e.m.s.autoconfigure.EmbeddedMongo    : 2024-02-12T22:04:15.556+0100 I NETWORK  [initandlisten] waiting for connections on port 27017
2024-02-12T22:04:15.664+01:00  INFO 3600 --- [       Thread-2] d.f.e.m.s.autoconfigure.EmbeddedMongo    : 2024-02-12T22:04:15.664+0100 I INDEX    [LogicalSessionCacheRefresh] build index on: config.system.sessions properties: { v: 2, key: { lastUse: 1 }, name: "lsidTTLIndex", ns: "config.system.sessions", expireAfterSeconds: 1800 }
2024-02-12T22:04:15.664+01:00  INFO 3600 --- [       Thread-2] d.f.e.m.s.autoconfigure.EmbeddedMongo    : 2024-02-12T22:04:15.665+0100 I INDEX    [LogicalSessionCacheRefresh] 	 building index using bulk method; build may temporarily use up to 500 megabytes of RAM
2024-02-12T22:04:15.665+01:00  INFO 3600 --- [       Thread-2] d.f.e.m.s.autoconfigure.EmbeddedMongo    : 2024-02-12T22:04:15.666+0100 I INDEX    [LogicalSessionCacheRefresh] build index done.  scanned 0 total records. 0 secs
2024-02-12T22:04:15.666+01:00  INFO 3600 --- [       Thread-2] d.f.e.m.s.autoconfigure.EmbeddedMongo    : 2024-02-12T22:04:15.666+0100 I COMMAND  [LogicalSessionCacheRefresh] command config.$cmd command: createIndexes { createIndexes: "system.sessions", indexes: [ { key: { lastUse: 1 }, name: "lsidTTLIndex", expireAfterSeconds: 1800 } ], $db: "config" } numYields:0 reslen:114 locks:{ Global: { acquireCount: { r: 1, w: 1 } }, Database: { acquireCount: { W: 1 } }, Collection: { acquireCount: { w: 1 } } } protocol:op_msg 110ms
2024-02-12T22:04:15.697+01:00  INFO 3600 --- [       Thread-2] d.f.e.m.s.autoconfigure.EmbeddedMongo    : 2024-02-12T22:04:15.698+0100 I NETWORK  [listener] connection accepted from 127.0.0.1:53716 #1 (1 connection now open)
2024-02-12T22:04:15.698+01:00  INFO 3600 --- [       Thread-2] d.f.e.m.s.autoconfigure.EmbeddedMongo    : 2024-02-12T22:04:15.699+0100 I NETWORK  [listener] connection accepted from 127.0.0.1:53717 #2 (2 connections now open)
2024-02-12T22:04:15.702+01:00  INFO 3600 --- [           main] org.mongodb.driver.client                : MongoClient with metadata {"driver": {"name": "mongo-java-driver|sync|spring-boot", "version": "4.11.1"}, "os": {"type": "Windows", "name": "Windows 10", "architecture": "amd64", "version": "10.0"}, "platform": "Java/Oracle Corporation/20+36-2344"} created with settings MongoClientSettings{readPreference=primary, writeConcern=WriteConcern{w=null, wTimeout=null ms, journal=null}, retryWrites=true, retryReads=true, readConcern=ReadConcern{level=null}, credential=null, transportSettings=null, streamFactoryFactory=null, commandListeners=[], codecRegistry=ProvidersCodecRegistry{codecProviders=[ValueCodecProvider{}, BsonValueCodecProvider{}, DBRefCodecProvider{}, DBObjectCodecProvider{}, DocumentCodecProvider{}, CollectionCodecProvider{}, IterableCodecProvider{}, MapCodecProvider{}, GeoJsonCodecProvider{}, GridFSFileCodecProvider{}, Jsr310CodecProvider{}, JsonObjectCodecProvider{}, BsonCodecProvider{}, EnumCodecProvider{}, com.mongodb.client.model.mql.ExpressionCodecProvider@39f8adc0, com.mongodb.Jep395RecordCodecProvider@c7269ad, com.mongodb.KotlinCodecProvider@1c23e369]}, loggerSettings=LoggerSettings{maxDocumentLength=1000}, clusterSettings={hosts=[kubernetes.docker.internal:27017], srvServiceName=mongodb, mode=SINGLE, requiredClusterType=UNKNOWN, requiredReplicaSetName='null', serverSelector='null', clusterListeners='[]', serverSelectionTimeout='30000 ms', localThreshold='15 ms'}, socketSettings=SocketSettings{connectTimeoutMS=10000, readTimeoutMS=0, receiveBufferSize=0, proxySettings=ProxySettings{host=null, port=null, username=null, password=null}}, heartbeatSocketSettings=SocketSettings{connectTimeoutMS=10000, readTimeoutMS=10000, receiveBufferSize=0, proxySettings=ProxySettings{host=null, port=null, username=null, password=null}}, connectionPoolSettings=ConnectionPoolSettings{maxSize=100, minSize=0, maxWaitTimeMS=120000, maxConnectionLifeTimeMS=0, maxConnectionIdleTimeMS=0, maintenanceInitialDelayMS=0, maintenanceFrequencyMS=60000, connectionPoolListeners=[], maxConnecting=2}, serverSettings=ServerSettings{heartbeatFrequencyMS=10000, minHeartbeatFrequencyMS=500, serverListeners='[]', serverMonitorListeners='[]'}, sslSettings=SslSettings{enabled=false, invalidHostNameAllowed=false, context=null}, applicationName='null', compressorList=[], uuidRepresentation=JAVA_LEGACY, serverApi=null, autoEncryptionSettings=null, dnsClient=null, inetAddressResolver=null, contextProvider=null}
2024-02-12T22:04:15.708+01:00  INFO 3600 --- [       Thread-2] d.f.e.m.s.autoconfigure.EmbeddedMongo    : 2024-02-12T22:04:15.708+0100 I NETWORK  [conn2] received client metadata from 127.0.0.1:53717 conn2: { driver: { name: "mongo-java-driver|sync|spring-boot", version: "4.11.1" }, os: { type: "Windows", name: "Windows 10", architecture: "amd64", version: "10.0" }, platform: "Java/Oracle Corporation/20+36-2344" }
2024-02-12T22:04:15.708+01:00  INFO 3600 --- [       Thread-2] d.f.e.m.s.autoconfigure.EmbeddedMongo    : 2024-02-12T22:04:15.709+0100 I NETWORK  [conn1] received client metadata from 127.0.0.1:53716 conn1: { driver: { name: "mongo-java-driver|sync|spring-boot", version: "4.11.1" }, os: { type: "Windows", name: "Windows 10", architecture: "amd64", version: "10.0" }, platform: "Java/Oracle Corporation/20+36-2344" }
2024-02-12T22:04:15.725+01:00  INFO 3600 --- [.internal:27017] org.mongodb.driver.cluster               : Monitor thread successfully connected to server with description ServerDescription{address=kubernetes.docker.internal:27017, type=STANDALONE, state=CONNECTED, ok=true, minWireVersion=0, maxWireVersion=7, maxDocumentSize=16777216, logicalSessionTimeoutMinutes=30, roundTripTimeNanos=22334500}
2024-02-12T22:04:16.163+01:00  INFO 3600 --- [       Thread-2] d.f.e.m.s.autoconfigure.EmbeddedMongo    : 2024-02-12T22:04:16.163+0100 I NETWORK  [listener] connection accepted from 127.0.0.1:53718 #3 (3 connections now open)
2024-02-12T22:04:16.163+01:00  INFO 3600 --- [       Thread-2] d.f.e.m.s.autoconfigure.EmbeddedMongo    : 2024-02-12T22:04:16.164+0100 I NETWORK  [conn3] received client metadata from 127.0.0.1:53718 conn3: { driver: { name: "mongo-java-driver|sync|spring-boot", version: "4.11.1" }, os: { type: "Windows", name: "Windows 10", architecture: "amd64", version: "10.0" }, platform: "Java/Oracle Corporation/20+36-2344" }
2024-02-12T22:04:16.175+01:00  INFO 3600 --- [       Thread-2] d.f.e.m.s.autoconfigure.EmbeddedMongo    : 2024-02-12T22:04:16.175+0100 I STORAGE  [conn3] createCollection: ckb_application.user with generated UUID: 84b13f15-e383-492c-bb47-1dff2ae68871
2024-02-12T22:04:16.266+01:00  INFO 3600 --- [       Thread-2] d.f.e.m.s.autoconfigure.EmbeddedMongo    : 2024-02-12T22:04:16.267+0100 I INDEX    [conn3] build index on: ckb_application.user properties: { v: 2, unique: true, key: { username: 1 }, name: "username", ns: "ckb_application.user" }
2024-02-12T22:04:16.266+01:00  INFO 3600 --- [       Thread-2] d.f.e.m.s.autoconfigure.EmbeddedMongo    : 2024-02-12T22:04:16.267+0100 I INDEX    [conn3] 	 building index using bulk method; build may temporarily use up to 500 megabytes of RAM
2024-02-12T22:04:16.267+01:00  INFO 3600 --- [       Thread-2] d.f.e.m.s.autoconfigure.EmbeddedMongo    : 2024-02-12T22:04:16.268+0100 I INDEX    [conn3] build index done.  scanned 0 total records. 0 secs
2024-02-12T22:04:16.303+01:00  INFO 3600 --- [       Thread-2] d.f.e.m.s.autoconfigure.EmbeddedMongo    : 2024-02-12T22:04:16.303+0100 I INDEX    [conn3] build index on: ckb_application.user properties: { v: 2, unique: true, key: { email: 1 }, name: "email", ns: "ckb_application.user" }
2024-02-12T22:04:16.303+01:00  INFO 3600 --- [       Thread-2] d.f.e.m.s.autoconfigure.EmbeddedMongo    : 2024-02-12T22:04:16.303+0100 I INDEX    [conn3] 	 building index using bulk method; build may temporarily use up to 500 megabytes of RAM
2024-02-12T22:04:16.304+01:00  INFO 3600 --- [       Thread-2] d.f.e.m.s.autoconfigure.EmbeddedMongo    : 2024-02-12T22:04:16.304+0100 I INDEX    [conn3] build index done.  scanned 0 total records. 0 secs
2024-02-12T22:04:16.343+01:00  INFO 3600 --- [       Thread-2] d.f.e.m.s.autoconfigure.EmbeddedMongo    : 2024-02-12T22:04:16.343+0100 I INDEX    [conn3] build index on: ckb_application.user properties: { v: 2, key: { invites.sender: 1 }, name: "invites.sender", ns: "ckb_application.user" }
2024-02-12T22:04:16.343+01:00  INFO 3600 --- [       Thread-2] d.f.e.m.s.autoconfigure.EmbeddedMongo    : 2024-02-12T22:04:16.343+0100 I INDEX    [conn3] 	 building index using bulk method; build may temporarily use up to 500 megabytes of RAM
2024-02-12T22:04:16.344+01:00  INFO 3600 --- [       Thread-2] d.f.e.m.s.autoconfigure.EmbeddedMongo    : 2024-02-12T22:04:16.344+0100 I INDEX    [conn3] build index done.  scanned 0 total records. 0 secs
2024-02-12T22:04:16.374+01:00  INFO 3600 --- [       Thread-2] d.f.e.m.s.autoconfigure.EmbeddedMongo    : 2024-02-12T22:04:16.374+0100 I INDEX    [conn3] build index on: ckb_application.user properties: { v: 2, key: { invites.receiver: 1 }, name: "invites.receiver", ns: "ckb_application.user" }
2024-02-12T22:04:16.374+01:00  INFO 3600 --- [       Thread-2] d.f.e.m.s.autoconfigure.EmbeddedMongo    : 2024-02-12T22:04:16.374+0100 I INDEX    [conn3] 	 building index using bulk method; build may temporarily use up to 500 megabytes of RAM
2024-02-12T22:04:16.375+01:00  INFO 3600 --- [       Thread-2] d.f.e.m.s.autoconfigure.EmbeddedMongo    : 2024-02-12T22:04:16.375+0100 I INDEX    [conn3] build index done.  scanned 0 total records. 0 secs
2024-02-12T22:04:16.379+01:00  INFO 3600 --- [       Thread-2] d.f.e.m.s.autoconfigure.EmbeddedMongo    : 2024-02-12T22:04:16.379+0100 I STORAGE  [conn3] createCollection: ckb_application.battle with generated UUID: 811e983a-4686-477b-8f0d-63f19e426da5
2024-02-12T22:04:16.466+01:00  INFO 3600 --- [       Thread-2] d.f.e.m.s.autoconfigure.EmbeddedMongo    : 2024-02-12T22:04:16.466+0100 I INDEX    [conn3] build index on: ckb_application.battle properties: { v: 2, key: { title: 1 }, name: "title", ns: "ckb_application.battle" }
2024-02-12T22:04:16.466+01:00  INFO 3600 --- [       Thread-2] d.f.e.m.s.autoconfigure.EmbeddedMongo    : 2024-02-12T22:04:16.466+0100 I INDEX    [conn3] 	 building index using bulk method; build may temporarily use up to 500 megabytes of RAM
2024-02-12T22:04:16.468+01:00  INFO 3600 --- [       Thread-2] d.f.e.m.s.autoconfigure.EmbeddedMongo    : 2024-02-12T22:04:16.468+0100 I INDEX    [conn3] build index done.  scanned 0 total records. 0 secs
2024-02-12T22:04:16.476+01:00  INFO 3600 --- [       Thread-2] d.f.e.m.s.autoconfigure.EmbeddedMongo    : 2024-02-12T22:04:16.476+0100 I STORAGE  [conn3] createCollection: ckb_application.tournament with generated UUID: f54168f1-750f-4a38-b15d-821dcee2dfb5
2024-02-12T22:04:16.570+01:00  INFO 3600 --- [       Thread-2] d.f.e.m.s.autoconfigure.EmbeddedMongo    : 2024-02-12T22:04:16.570+0100 I INDEX    [conn3] build index on: ckb_application.tournament properties: { v: 2, unique: true, key: { title: 1 }, name: "title", ns: "ckb_application.tournament" }
2024-02-12T22:04:16.570+01:00  INFO 3600 --- [       Thread-2] d.f.e.m.s.autoconfigure.EmbeddedMongo    : 2024-02-12T22:04:16.570+0100 I INDEX    [conn3] 	 building index using bulk method; build may temporarily use up to 500 megabytes of RAM
2024-02-12T22:04:16.571+01:00  INFO 3600 --- [       Thread-2] d.f.e.m.s.autoconfigure.EmbeddedMongo    : 2024-02-12T22:04:16.571+0100 I INDEX    [conn3] build index done.  scanned 0 total records. 0 secs
2024-02-12T22:04:16.601+01:00  INFO 3600 --- [       Thread-2] d.f.e.m.s.autoconfigure.EmbeddedMongo    : 2024-02-12T22:04:16.601+0100 I INDEX    [conn3] build index on: ckb_application.tournament properties: { v: 2, key: { battles.title: 1 }, name: "battles.title", ns: "ckb_application.tournament" }
2024-02-12T22:04:16.601+01:00  INFO 3600 --- [       Thread-2] d.f.e.m.s.autoconfigure.EmbeddedMongo    : 2024-02-12T22:04:16.601+0100 I INDEX    [conn3] 	 building index using bulk method; build may temporarily use up to 500 megabytes of RAM
2024-02-12T22:04:16.602+01:00  INFO 3600 --- [       Thread-2] d.f.e.m.s.autoconfigure.EmbeddedMongo    : 2024-02-12T22:04:16.602+0100 I INDEX    [conn3] build index done.  scanned 0 total records. 0 secs
2024-02-12T22:04:16.604+01:00  INFO 3600 --- [       Thread-2] d.f.e.m.s.autoconfigure.EmbeddedMongo    : 2024-02-12T22:04:16.604+0100 I STORAGE  [conn3] createCollection: ckb_application.invite with generated UUID: e4bb232e-b90d-4070-82d7-59ec7121f981
2024-02-12T22:04:16.691+01:00  INFO 3600 --- [       Thread-2] d.f.e.m.s.autoconfigure.EmbeddedMongo    : 2024-02-12T22:04:16.691+0100 I INDEX    [conn3] build index on: ckb_application.invite properties: { v: 2, key: { sender: 1 }, name: "sender", ns: "ckb_application.invite" }
2024-02-12T22:04:16.692+01:00  INFO 3600 --- [       Thread-2] d.f.e.m.s.autoconfigure.EmbeddedMongo    : 2024-02-12T22:04:16.691+0100 I INDEX    [conn3] 	 building index using bulk method; build may temporarily use up to 500 megabytes of RAM
2024-02-12T22:04:16.692+01:00  INFO 3600 --- [       Thread-2] d.f.e.m.s.autoconfigure.EmbeddedMongo    : 2024-02-12T22:04:16.693+0100 I INDEX    [conn3] build index done.  scanned 0 total records. 0 secs
2024-02-12T22:04:16.734+01:00  INFO 3600 --- [       Thread-2] d.f.e.m.s.autoconfigure.EmbeddedMongo    : 2024-02-12T22:04:16.734+0100 I INDEX    [conn3] build index on: ckb_application.invite properties: { v: 2, key: { receiver: 1 }, name: "receiver", ns: "ckb_application.invite" }
2024-02-12T22:04:16.734+01:00  INFO 3600 --- [       Thread-2] d.f.e.m.s.autoconfigure.EmbeddedMongo    : 2024-02-12T22:04:16.734+0100 I INDEX    [conn3] 	 building index using bulk method; build may temporarily use up to 500 megabytes of RAM
2024-02-12T22:04:16.735+01:00  INFO 3600 --- [       Thread-2] d.f.e.m.s.autoconfigure.EmbeddedMongo    : 2024-02-12T22:04:16.735+0100 I INDEX    [conn3] build index done.  scanned 0 total records. 0 secs
2024-02-12T22:04:17.100+01:00  INFO 3600 --- [           main] B.C.battle.GetBattleTest                 : Started GetBattleTest in 4.481 seconds (process running for 8.864)
]]></system-out>
  </testcase>
  <testcase name="shouldFindBattleAsEducator" classname="BersaniChiappiniFraschini.CKBApplicationServer.battle.GetBattleTest" time="0.01"/>
  <testcase name="shouldNotFindBattle" classname="BersaniChiappiniFraschini.CKBApplicationServer.battle.GetBattleTest" time="0.011"/>
</testsuite>